<?xml version="1.0" encoding="UTF-8"?>
<testsuite name="com.m2i.devops.CalculatorTest" tests="4" skipped="0" failures="0" errors="0" timestamp="2021-04-08T08:08:31" hostname="UTILISA-6Q81DEB" time="0.002">
  <properties/>
  <testcase name="testAdd" classname="com.m2i.devops.CalculatorTest" time="0.002"/>
  <testcase name="testSub" classname="com.m2i.devops.CalculatorTest" time="0.0"/>
  <testcase name="testMultiplication" classname="com.m2i.devops.CalculatorTest" time="0.0"/>
  <testcase name="testIsPair" classname="com.m2i.devops.CalculatorTest" time="0.0"/>
  <system-out><![CDATA[]]></system-out>
  <system-err><![CDATA[]]></system-err>
</testsuite>
